<?xml version="1.0" encoding="UTF-8"?>
<!-- Generated by org.testng.reporters.JUnitReportReporter -->
<testsuite hostname="LAPTOP-TBFR03AS" failures="0" tests="1" name="TestScripts.DeleteEmployeeAPITest" time="1.420" errors="0" timestamp="2024-11-07T16:43:30 MYT" skipped="0">
  <testcase classname="TestScripts.DeleteEmployeeAPITest" name="DeleteEmployeeTest" time="1.420"/>
  <system-out/>
</testsuite> <!-- TestScripts.DeleteEmployeeAPITest -->
