<?xml version="1.0" encoding="UTF-8"?>
<!-- Generated by org.testng.reporters.JUnitReportReporter -->
<testsuite hostname="LAPTOP-TBFR03AS" failures="0" tests="1" name="Tests.UpdateEmployeeAPITest" time="0.056" errors="0" timestamp="2024-11-08T16:18:07 MYT" skipped="0">
  <testcase classname="Tests.UpdateEmployeeAPITest" name="PostUpdateEmployeeTest" time="0.056"/>
  <system-out/>
</testsuite> <!-- Tests.UpdateEmployeeAPITest -->
