<?xml version="1.0" encoding="UTF-8"?>
<!-- Generated by org.testng.reporters.JUnitReportReporter -->
<testsuite hostname="LAPTOP-TBFR03AS" failures="0" tests="1" name="TestScripts.CreateEmployeeAPITest" time="1.369" errors="0" timestamp="2024-11-07T16:41:12 MYT" skipped="0">
  <testcase classname="TestScripts.CreateEmployeeAPITest" name="PostCreateEmployeeTest" time="1.369"/>
  <system-out/>
</testsuite> <!-- TestScripts.CreateEmployeeAPITest -->
