<?xml version="1.0" encoding="UTF-8"?>
<!-- Generated by org.testng.reporters.JUnitReportReporter -->
<testsuite hostname="LAPTOP-TBFR03AS" failures="0" tests="1" name="TestScripts.APITest" time="1.468" errors="0" timestamp="2024-11-07T16:30:41 MYT" skipped="0">
  <testcase classname="TestScripts.APITest" name="PostUpdateEmployeeTest" time="1.468"/>
  <system-out/>
</testsuite> <!-- TestScripts.APITest -->
