<?xml version="1.0" encoding="UTF-8"?>
<!-- Generated by org.testng.reporters.JUnitReportReporter -->
<testsuite hostname="LAPTOP-TBFR03AS" failures="0" tests="1" name="Tests.DeleteEmployeeAPITest" time="0.120" errors="0" timestamp="2024-11-08T16:18:07 MYT" skipped="0">
  <testcase classname="Tests.DeleteEmployeeAPITest" name="DeleteEmployeeTest" time="0.120"/>
  <system-out/>
</testsuite> <!-- Tests.DeleteEmployeeAPITest -->
