<?xml version="1.0" encoding="UTF-8"?>
<!-- Generated by org.testng.reporters.JUnitReportReporter -->
<testsuite hostname="LAPTOP-TBFR03AS" failures="0" tests="1" name="Tests.RegisterUserAPITest" time="1.350" errors="0" timestamp="2024-11-08T16:18:07 MYT" skipped="0">
  <testcase classname="Tests.RegisterUserAPITest" name="createUserTest" time="1.350"/>
  <system-out/>
</testsuite> <!-- Tests.RegisterUserAPITest -->
