<?xml version="1.0" encoding="UTF-8"?>
<!-- Generated by org.testng.reporters.JUnitReportReporter -->
<testsuite hostname="LAPTOP-TBFR03AS" failures="0" tests="1" name="TestScripts.LoginTestAPI" time="1.360" errors="0" timestamp="2024-11-07T16:37:23 MYT" skipped="0">
  <testcase classname="TestScripts.LoginTestAPI" name="PostLoginTest" time="1.360"/>
  <system-out/>
</testsuite> <!-- TestScripts.LoginTestAPI -->
